============================= test session starts ==============================
platform linux -- Python 3.12.13, pytest-9.0.2, pluggy-1.6.0 -- /tmp/IsaacLab/env_isaaclab/bin/python
cachedir: .pytest_cache
rootdir: /tmp/IsaacLab-Arena
configfile: pytest.ini
plugins: flaky-3.8.1, mock-3.15.1, timeout-2.4.0, hydra-core-1.3.2, anyio-4.13.0
timeout: 300.0s
timeout method: signal
timeout func_only: False
collecting ... collected 47 items

isaaclab_arena/tests/policy/test_convert_hdf5_to_lerobot.py::test_g1_convert_hdf5_to_lerobot FAILED [  2%]
isaaclab_arena/tests/policy/test_gr00t_closedloop_policy.py::test_g1_locomanip_gr00t_closedloop_policy_runner_single_env ERROR [  4%]
isaaclab_arena/tests/policy/test_gr00t_closedloop_policy.py::test_g1_locomanip_gr00t_closedloop_policy_runner_multi_envs ERROR [  6%]
isaaclab_arena/tests/policy/test_gr00t_deps.py::TestGr00tDependencies::test_flash_attn_import FAILED [  8%]
isaaclab_arena/tests/policy/test_gr00t_deps.py::TestGr00tDependencies::test_flash_attn_functionality SKIPPED [ 10%]
isaaclab_arena/tests/policy/test_gr00t_deps.py::TestGr00tDependencies::test_gr00t_package_directory_exists FAILED [ 12%]
isaaclab_arena/tests/policy/test_gr00t_deps.py::TestGr00tDependencies::test_gr00t_package_import FAILED [ 14%]
isaaclab_arena/tests/policy/test_gr00t_deps.py::TestGr00tDependencies::test_pytorch_cuda_compatibility PASSED [ 17%]
isaaclab_arena/tests/policy/test_policy_runner.py::test_zero_action_policy_press_button FAILED [ 19%]
isaaclab_arena/tests/policy/test_policy_runner.py::test_zero_action_policy_kitchen_pick_and_place FAILED [ 21%]
isaaclab_arena/tests/policy/test_policy_runner.py::test_zero_action_policy_galileo_pick_and_place FAILED [ 23%]
isaaclab_arena/tests/policy/test_policy_runner.py::test_zero_action_policy_gr1_open_microwave FAILED [ 25%]
isaaclab_arena/tests/policy/test_policy_runner.py::test_replay_policy_gr1_open_microwave FAILED [ 27%]
isaaclab_arena/tests/policy/test_replay_lerobot_action_policy.py::test_g1_locomanip_replay_lerobot_policy_runner_single_env FAILED [ 29%]
isaaclab_arena/tests/policy/test_replay_lerobot_action_policy.py::test_gr1_manip_replay_lerobot_policy_runner_single_env SKIPPED [ 31%]
isaaclab_arena/tests/test_affordance_base.py::test_affordance_base WARNING: IsaacSim has been upgraded to 3.0.0.
Please investigate if pinocchio import is still needed in: simulation_app.py
PASSED [ 34%]
isaaclab_arena/tests/test_asset_registry.py::test_default_assets_registered PASSED [ 36%]
isaaclab_arena/tests/test_asset_registry.py::test_all_assets_in_registry PASSED [ 38%]
isaaclab_arena/tests/test_camera_observation.py::test_camera_observation FAILED [ 40%]
isaaclab_arena/tests/test_configclass.py::test_combine_configclasses_with_multiple_inheritance PASSED [ 42%]
isaaclab_arena/tests/test_configclass.py::test_combine_configclasses_with_inheritance PASSED [ 44%]
isaaclab_arena/tests/test_configclass.py::test_combine_configclasses_with_post_init PASSED [ 46%]
isaaclab_arena/tests/test_detect_object_type.py::test_detect_object_type PASSED [ 48%]
isaaclab_arena/tests/test_detect_object_type.py::test_detect_object_type_for_all_objects PASSED [ 51%]
isaaclab_arena/tests/test_detect_object_type.py::test_auto_object_type FAILED [ 53%]
isaaclab_arena/tests/test_device_registry.py::test_all_devices_in_registry FAILED [ 55%]
isaaclab_arena/tests/test_door_moved_rate_metric.py::test_door_moved_rate_metric FAILED [ 57%]
isaaclab_arena/tests/test_events.py::test_set_object_post_per_env_event FAILED [ 59%]
isaaclab_arena/tests/test_g1_wbc_embodiment.py::test_wbc_joint_standing_idle_actions_single_env FAILED [ 61%]
isaaclab_arena/tests/test_g1_wbc_embodiment.py::test_wbc_pink_standing_idle_actions_single_env FAILED [ 63%]
isaaclab_arena/tests/test_object_configuration.py::test_object_configuration PASSED [ 65%]
isaaclab_arena/tests/test_object_of_type_base.py::test_object_of_type_base PASSED [ 68%]
isaaclab_arena/tests/test_object_on_termination.py::test_object_on_destination_termination FAILED [ 70%]
isaaclab_arena/tests/test_open_door.py::test_open_door_microwave FAILED  [ 72%]
isaaclab_arena/tests/test_open_door.py::test_open_door_microwave_multiple_envs FAILED [ 74%]
isaaclab_arena/tests/test_open_door.py::test_open_door_microwave_reset_condition FAILED [ 76%]
isaaclab_arena/tests/test_pose.py::test_pose_composition PASSED          [ 78%]
isaaclab_arena/tests/test_press_coffee_machine_button.py::test_press_button_coffee_machine FAILED [ 80%]
isaaclab_arena/tests/test_press_coffee_machine_button.py::test_press_button_coffee_machine_multiple_envs FAILED [ 82%]
isaaclab_arena/tests/test_reference_objects.py::test_reference_objects FAILED [ 85%]
isaaclab_arena/tests/test_reference_objects.py::test_reference_objects_with_transform FAILED [ 87%]
isaaclab_arena/tests/test_robot_initial_position.py::test_robot_initial_position FAILED [ 89%]
isaaclab_arena/tests/test_scene_to_usd.py::test_scene_to_usd PASSED      [ 91%]
isaaclab_arena/tests/test_simulation_app_context.py::test_simulation_app_context PASSED [ 93%]
isaaclab_arena/tests/test_simulation_app_context.py::test_run_simulation_app_function_with_arg PASSED [ 95%]
isaaclab_arena/tests/test_success_rate_metric.py::test_success_rate_metric FAILED [ 97%]
isaaclab_arena/tests/test_usd_pose_helpers.py::test_get_prim_pose_in_default_prim_frame PASSED [100%]

==================================== ERRORS ====================================
_ ERROR at setup of test_g1_locomanip_gr00t_closedloop_policy_runner_single_env _

tmp_path_factory = TempPathFactory(_given_basetemp=None, _trace=<pluggy._tracing.TagTracerSub object at 0x7f5689f86d50>, _basetemp=PosixPath('/tmp/pytest-of-horde/pytest-8'), _retention_count=3, _retention_policy='all')

    @pytest.fixture(scope="module")
    def gr00t_finetuned_model_path(tmp_path_factory):
        # This function creates a finetuned model for the G1 locomanipulation task.
        # This model is then used by the other tests in the file.
    
        # Create a temporary directory to store the finetuned model.
        model_dir = tmp_path_factory.mktemp("shared")
    
        # Run the finetuning script.
        args = [TestConstants.python_path, f"{TestConstants.submodules_dir}/Isaac-GR00T/scripts/gr00t_finetune.py"]
        args.append("--dataset_path")
        args.append(TestConstants.test_data_dir + "/test_g1_locomanip_lerobot")
        args.append("--output_dir")
        args.append(model_dir)
        args.append("--data_config")
        args.append("isaaclab_arena_gr00t.data_config:UnitreeG1SimWBCDataConfig")
        args.append("--batch_size")
        args.append("1")  # Small batch size for testing
        args.append("--max_steps")
        args.append("10")  # Small number of steps for testing
        args.append("--num_gpus")
        args.append("1")  # Single GPU for testing
        args.append("--save_steps")
        args.append("10")
        args.append("--base_model_path")
        args.append("nvidia/GR00T-N1.5-3B")
        # Disable tuning of the LLM, visual, projector, and diffusion model.
        # This is done to save GPU memory in CI.
        args.append("--no_tune_llm")
        args.append("--no_tune_visual")
        args.append("--no_tune_projector")
        args.append("--no_tune_diffusion_model")
        args.append("--no-resume")
        args.append("--dataloader_num_workers")
        args.append("1")  # Small number of workers for testing
        args.append("--report_to")
        args.append("tensorboard")
        args.append("--embodiment_tag")
        args.append("new_embodiment")
>       run_subprocess(args)

isaaclab_arena/tests/policy/test_gr00t_closedloop_policy.py:58: 
_ _ _ _ _ _ _ _ _ _ _ _ _ _ _ _ _ _ _ _ _ _ _ _ _ _ _ _ _ _ _ _ _ _ _ _ _ _ _ _ 
isaaclab_arena/tests/utils/subprocess.py:27: in run_subprocess
    result = subprocess.run(
/usr/lib/python3.12/subprocess.py:548: in run
    with Popen(*popenargs, **kwargs) as process:
         ^^^^^^^^^^^^^^^^^^^^^^^^^^^
/usr/lib/python3.12/subprocess.py:1026: in __init__
    self._execute_child(args, executable, preexec_fn, close_fds,
_ _ _ _ _ _ _ _ _ _ _ _ _ _ _ _ _ _ _ _ _ _ _ _ _ _ _ _ _ _ _ _ _ _ _ _ _ _ _ _ 

self = <Popen: returncode: 255 args: ['/tmp/IsaacLab-Arena/submodules/IsaacLab/_isa...>
args = ['/tmp/IsaacLab-Arena/submodules/IsaacLab/_isaac_sim/python.sh', '/tmp/IsaacLab-Arena/submodules/Isaac-GR00T/scripts/g...na/tests/test_data/test_g1_locomanip_lerobot', '--output_dir', PosixPath('/tmp/pytest-of-horde/pytest-8/shared0'), ...]
executable = b'/tmp/IsaacLab-Arena/submodules/IsaacLab/_isaac_sim/python.sh'
preexec_fn = None, close_fds = True, pass_fds = (), cwd = None, env = None
startupinfo = None, creationflags = 0, shell = False, p2cread = -1
p2cwrite = -1, c2pread = -1, c2pwrite = -1, errread = -1, errwrite = -1
restore_signals = True, gid = None, gids = None, uid = None, umask = -1
start_new_session = False, process_group = -1

    def _execute_child(self, args, executable, preexec_fn, close_fds,
                       pass_fds, cwd, env,
                       startupinfo, creationflags, shell,
                       p2cread, p2cwrite,
                       c2pread, c2pwrite,
                       errread, errwrite,
                       restore_signals,
                       gid, gids, uid, umask,
                       start_new_session, process_group):
        """Execute program (POSIX version)"""
    
        if isinstance(args, (str, bytes)):
            args = [args]
        elif isinstance(args, os.PathLike):
            if shell:
                raise TypeError('path-like args is not allowed when '
                                'shell is true')
            args = [args]
        else:
            args = list(args)
    
        if shell:
            # On Android the default shell is at '/system/bin/sh'.
            unix_shell = ('/system/bin/sh' if
                      hasattr(sys, 'getandroidapilevel') else '/bin/sh')
            args = [unix_shell, "-c"] + args
            if executable:
                args[0] = executable
    
        if executable is None:
            executable = args[0]
    
        sys.audit("subprocess.Popen", executable, args, cwd, env)
    
        if (_USE_POSIX_SPAWN
                and os.path.dirname(executable)
                and preexec_fn is None
                and not close_fds
                and not pass_fds
                and cwd is None
                and (p2cread == -1 or p2cread > 2)
                and (c2pwrite == -1 or c2pwrite > 2)
                and (errwrite == -1 or errwrite > 2)
                and not start_new_session
                and process_group == -1
                and gid is None
                and gids is None
                and uid is None
                and umask < 0):
            self._posix_spawn(args, executable, env, restore_signals,
                              p2cread, p2cwrite,
                              c2pread, c2pwrite,
                              errread, errwrite)
            return
    
        orig_executable = executable
    
        # For transferring possible exec failure from child to parent.
        # Data format: "exception name:hex errno:description"
        # Pickle is not used; it is complex and involves memory allocation.
        errpipe_read, errpipe_write = os.pipe()
        # errpipe_write must not be in the standard io 0, 1, or 2 fd range.
        low_fds_to_close = []
        while errpipe_write < 3:
            low_fds_to_close.append(errpipe_write)
            errpipe_write = os.dup(errpipe_write)
        for low_fd in low_fds_to_close:
            os.close(low_fd)
        try:
            try:
                # We must avoid complex work that could involve
                # malloc or free in the child process to avoid
                # potential deadlocks, thus we do all this here.
                # and pass it to fork_exec()
    
                if env is not None:
                    env_list = []
                    for k, v in env.items():
                        k = os.fsencode(k)
                        if b'=' in k:
                            raise ValueError("illegal environment variable name")
                        env_list.append(k + b'=' + os.fsencode(v))
                else:
                    env_list = None  # Use execv instead of execve.
                executable = os.fsencode(executable)
                if os.path.dirname(executable):
                    executable_list = (executable,)
                else:
                    # This matches the behavior of os._execvpe().
                    executable_list = tuple(
                        os.path.join(os.fsencode(dir), executable)
                        for dir in os.get_exec_path(env))
                fds_to_keep = set(pass_fds)
                fds_to_keep.add(errpipe_write)
                self.pid = _fork_exec(
                        args, executable_list,
                        close_fds, tuple(sorted(map(int, fds_to_keep))),
                        cwd, env_list,
                        p2cread, p2cwrite, c2pread, c2pwrite,
                        errread, errwrite,
                        errpipe_read, errpipe_write,
                        restore_signals, start_new_session,
                        process_group, gid, gids, uid, umask,
                        preexec_fn, _USE_VFORK)
                self._child_created = True
            finally:
                # be sure the FD is closed no matter what
                os.close(errpipe_write)
    
            self._close_pipe_fds(p2cread, p2cwrite,
                                 c2pread, c2pwrite,
                                 errread, errwrite)
    
            # Wait for exec to fail or succeed; possibly raising an
            # exception (limited in size)
            errpipe_data = bytearray()
            while True:
                part = os.read(errpipe_read, 50000)
                errpipe_data += part
                if not part or len(errpipe_data) > 50000:
                    break
        finally:
            # be sure the FD is closed no matter what
            os.close(errpipe_read)
    
        if errpipe_data:
            try:
                pid, sts = os.waitpid(self.pid, 0)
                if pid == self.pid:
                    self._handle_exitstatus(sts)
                else:
                    self.returncode = sys.maxsize
            except ChildProcessError:
                pass
    
            try:
                exception_name, hex_errno, err_msg = (
                        errpipe_data.split(b':', 2))
                # The encoding here should match the encoding
                # written in by the subprocess implementations
                # like _posixsubprocess
                err_msg = err_msg.decode()
            except ValueError:
                exception_name = b'SubprocessError'
                hex_errno = b'0'
                err_msg = 'Bad exception data from child: {!r}'.format(
                              bytes(errpipe_data))
            child_exception_type = getattr(
                    builtins, exception_name.decode('ascii'),
                    SubprocessError)
            if issubclass(child_exception_type, OSError) and hex_errno:
                errno_num = int(hex_errno, 16)
                if err_msg == "noexec:chdir":
                    err_msg = ""
                    # The error must be from chdir(cwd).
                    err_filename = cwd
                elif err_msg == "noexec":
                    err_msg = ""
                    err_filename = None
                else:
                    err_filename = orig_executable
                if errno_num != 0:
                    err_msg = os.strerror(errno_num)
                if err_filename is not None:
>                   raise child_exception_type(errno_num, err_msg, err_filename)
E                   FileNotFoundError: [Errno 2] No such file or directory: '/tmp/IsaacLab-Arena/submodules/IsaacLab/_isaac_sim/python.sh'

/usr/lib/python3.12/subprocess.py:1955: FileNotFoundError
---------------------------- Captured stdout setup -----------------------------
Running command: ['/tmp/IsaacLab-Arena/submodules/IsaacLab/_isaac_sim/python.sh', '/tmp/IsaacLab-Arena/submodules/Isaac-GR00T/scripts/gr00t_finetune.py', '--dataset_path', '/tmp/IsaacLab-Arena/isaaclab_arena/tests/test_data/test_g1_locomanip_lerobot', '--output_dir', PosixPath('/tmp/pytest-of-horde/pytest-8/shared0'), '--data_config', 'isaaclab_arena_gr00t.data_config:UnitreeG1SimWBCDataConfig', '--batch_size', '1', '--max_steps', '10', '--num_gpus', '1', '--save_steps', '10', '--base_model_path', 'nvidia/GR00T-N1.5-3B', '--no_tune_llm', '--no_tune_visual', '--no_tune_projector', '--no_tune_diffusion_model', '--no-resume', '--dataloader_num_workers', '1', '--report_to', 'tensorboard', '--embodiment_tag', 'new_embodiment']
_ ERROR at setup of test_g1_locomanip_gr00t_closedloop_policy_runner_multi_envs _

tmp_path_factory = TempPathFactory(_given_basetemp=None, _trace=<pluggy._tracing.TagTracerSub object at 0x7f5689f86d50>, _basetemp=PosixPath('/tmp/pytest-of-horde/pytest-8'), _retention_count=3, _retention_policy='all')

    @pytest.fixture(scope="module")
    def gr00t_finetuned_model_path(tmp_path_factory):
        # This function creates a finetuned model for the G1 locomanipulation task.
        # This model is then used by the other tests in the file.
    
        # Create a temporary directory to store the finetuned model.
        model_dir = tmp_path_factory.mktemp("shared")
    
        # Run the finetuning script.
        args = [TestConstants.python_path, f"{TestConstants.submodules_dir}/Isaac-GR00T/scripts/gr00t_finetune.py"]
        args.append("--dataset_path")
        args.append(TestConstants.test_data_dir + "/test_g1_locomanip_lerobot")
        args.append("--output_dir")
        args.append(model_dir)
        args.append("--data_config")
        args.append("isaaclab_arena_gr00t.data_config:UnitreeG1SimWBCDataConfig")
        args.append("--batch_size")
        args.append("1")  # Small batch size for testing
        args.append("--max_steps")
        args.append("10")  # Small number of steps for testing
        args.append("--num_gpus")
        args.append("1")  # Single GPU for testing
        args.append("--save_steps")
        args.append("10")
        args.append("--base_model_path")
        args.append("nvidia/GR00T-N1.5-3B")
        # Disable tuning of the LLM, visual, projector, and diffusion model.
        # This is done to save GPU memory in CI.
        args.append("--no_tune_llm")
        args.append("--no_tune_visual")
        args.append("--no_tune_projector")
        args.append("--no_tune_diffusion_model")
        args.append("--no-resume")
        args.append("--dataloader_num_workers")
        args.append("1")  # Small number of workers for testing
        args.append("--report_to")
        args.append("tensorboard")
        args.append("--embodiment_tag")
        args.append("new_embodiment")
>       run_subprocess(args)

isaaclab_arena/tests/policy/test_gr00t_closedloop_policy.py:58: 
_ _ _ _ _ _ _ _ _ _ _ _ _ _ _ _ _ _ _ _ _ _ _ _ _ _ _ _ _ _ _ _ _ _ _ _ _ _ _ _ 
isaaclab_arena/tests/utils/subprocess.py:27: in run_subprocess
    result = subprocess.run(
/usr/lib/python3.12/subprocess.py:548: in run
    with Popen(*popenargs, **kwargs) as process:
         ^^^^^^^^^^^^^^^^^^^^^^^^^^^
/usr/lib/python3.12/subprocess.py:1026: in __init__
    self._execute_child(args, executable, preexec_fn, close_fds,
_ _ _ _ _ _ _ _ _ _ _ _ _ _ _ _ _ _ _ _ _ _ _ _ _ _ _ _ _ _ _ _ _ _ _ _ _ _ _ _ 

self = <Popen: returncode: 255 args: ['/tmp/IsaacLab-Arena/submodules/IsaacLab/_isa...>
args = ['/tmp/IsaacLab-Arena/submodules/IsaacLab/_isaac_sim/python.sh', '/tmp/IsaacLab-Arena/submodules/Isaac-GR00T/scripts/g...na/tests/test_data/test_g1_locomanip_lerobot', '--output_dir', PosixPath('/tmp/pytest-of-horde/pytest-8/shared0'), ...]
executable = b'/tmp/IsaacLab-Arena/submodules/IsaacLab/_isaac_sim/python.sh'
preexec_fn = None, close_fds = True, pass_fds = (), cwd = None, env = None
startupinfo = None, creationflags = 0, shell = False, p2cread = -1
p2cwrite = -1, c2pread = -1, c2pwrite = -1, errread = -1, errwrite = -1
restore_signals = True, gid = None, gids = None, uid = None, umask = -1
start_new_session = False, process_group = -1

    def _execute_child(self, args, executable, preexec_fn, close_fds,
                       pass_fds, cwd, env,
                       startupinfo, creationflags, shell,
                       p2cread, p2cwrite,
                       c2pread, c2pwrite,
                       errread, errwrite,
                       restore_signals,
                       gid, gids, uid, umask,
                       start_new_session, process_group):
        """Execute program (POSIX version)"""
    
        if isinstance(args, (str, bytes)):
            args = [args]
        elif isinstance(args, os.PathLike):
            if shell:
                raise TypeError('path-like args is not allowed when '
                                'shell is true')
            args = [args]
        else:
            args = list(args)
    
        if shell:
            # On Android the default shell is at '/system/bin/sh'.
            unix_shell = ('/system/bin/sh' if
                      hasattr(sys, 'getandroidapilevel') else '/bin/sh')
            args = [unix_shell, "-c"] + args
            if executable:
                args[0] = executable
    
        if executable is None:
            executable = args[0]
    
        sys.audit("subprocess.Popen", executable, args, cwd, env)
    
        if (_USE_POSIX_SPAWN
                and os.path.dirname(executable)
                and preexec_fn is None
                and not close_fds
                and not pass_fds
                and cwd is None
                and (p2cread == -1 or p2cread > 2)
                and (c2pwrite == -1 or c2pwrite > 2)
                and (errwrite == -1 or errwrite > 2)
                and not start_new_session
                and process_group == -1
                and gid is None
                and gids is None
                and uid is None
                and umask < 0):
            self._posix_spawn(args, executable, env, restore_signals,
                              p2cread, p2cwrite,
                              c2pread, c2pwrite,
                              errread, errwrite)
            return
    
        orig_executable = executable
    
        # For transferring possible exec failure from child to parent.
        # Data format: "exception name:hex errno:description"
        # Pickle is not used; it is complex and involves memory allocation.
        errpipe_read, errpipe_write = os.pipe()
        # errpipe_write must not be in the standard io 0, 1, or 2 fd range.
        low_fds_to_close = []
        while errpipe_write < 3:
            low_fds_to_close.append(errpipe_write)
            errpipe_write = os.dup(errpipe_write)
        for low_fd in low_fds_to_close:
            os.close(low_fd)
        try:
            try:
                # We must avoid complex work that could involve
                # malloc or free in the child process to avoid
                # potential deadlocks, thus we do all this here.
                # and pass it to fork_exec()
    
                if env is not None:
                    env_list = []
                    for k, v in env.items():
                        k = os.fsencode(k)
                        if b'=' in k:
                            raise ValueError("illegal environment variable name")
                        env_list.append(k + b'=' + os.fsencode(v))
                else:
                    env_list = None  # Use execv instead of execve.
                executable = os.fsencode(executable)
                if os.path.dirname(executable):
                    executable_list = (executable,)
                else:
                    # This matches the behavior of os._execvpe().
                    executable_list = tuple(
                        os.path.join(os.fsencode(dir), executable)
                        for dir in os.get_exec_path(env))
                fds_to_keep = set(pass_fds)
                fds_to_keep.add(errpipe_write)
                self.pid = _fork_exec(
                        args, executable_list,
                        close_fds, tuple(sorted(map(int, fds_to_keep))),
                        cwd, env_list,
                        p2cread, p2cwrite, c2pread, c2pwrite,
                        errread, errwrite,
                        errpipe_read, errpipe_write,
                        restore_signals, start_new_session,
                        process_group, gid, gids, uid, umask,
                        preexec_fn, _USE_VFORK)
                self._child_created = True
            finally:
                # be sure the FD is closed no matter what
                os.close(errpipe_write)
    
            self._close_pipe_fds(p2cread, p2cwrite,
                                 c2pread, c2pwrite,
                                 errread, errwrite)
    
            # Wait for exec to fail or succeed; possibly raising an
            # exception (limited in size)
            errpipe_data = bytearray()
            while True:
                part = os.read(errpipe_read, 50000)
                errpipe_data += part
                if not part or len(errpipe_data) > 50000:
                    break
        finally:
            # be sure the FD is closed no matter what
            os.close(errpipe_read)
    
        if errpipe_data:
            try:
                pid, sts = os.waitpid(self.pid, 0)
                if pid == self.pid:
                    self._handle_exitstatus(sts)
                else:
                    self.returncode = sys.maxsize
            except ChildProcessError:
                pass
    
            try:
                exception_name, hex_errno, err_msg = (
                        errpipe_data.split(b':', 2))
                # The encoding here should match the encoding
                # written in by the subprocess implementations
                # like _posixsubprocess
                err_msg = err_msg.decode()
            except ValueError:
                exception_name = b'SubprocessError'
                hex_errno = b'0'
                err_msg = 'Bad exception data from child: {!r}'.format(
                              bytes(errpipe_data))
            child_exception_type = getattr(
                    builtins, exception_name.decode('ascii'),
                    SubprocessError)
            if issubclass(child_exception_type, OSError) and hex_errno:
                errno_num = int(hex_errno, 16)
                if err_msg == "noexec:chdir":
                    err_msg = ""
                    # The error must be from chdir(cwd).
                    err_filename = cwd
                elif err_msg == "noexec":
                    err_msg = ""
                    err_filename = None
                else:
                    err_filename = orig_executable
                if errno_num != 0:
                    err_msg = os.strerror(errno_num)
                if err_filename is not None:
>                   raise child_exception_type(errno_num, err_msg, err_filename)
E                   FileNotFoundError: [Errno 2] No such file or directory: '/tmp/IsaacLab-Arena/submodules/IsaacLab/_isaac_sim/python.sh'

/usr/lib/python3.12/subprocess.py:1955: FileNotFoundError
=================================== FAILURES ===================================
_______________________ test_g1_convert_hdf5_to_lerobot ________________________

    def test_g1_convert_hdf5_to_lerobot():
        # Load expected data for comparison
        expected_g1_parquet = pd.read_parquet(
            TestConstants.test_data_dir + "/test_g1_locomanip_lerobot/data/chunk-000/episode_000000.parquet"
        )
>       g1_ds_config = create_config_from_yaml(
            TestConstants.test_data_dir + "/test_g1_locomanip_lerobot/test_g1_locomanip_config.yaml", Gr00tDatasetConfig
        )

isaaclab_arena/tests/policy/test_convert_hdf5_to_lerobot.py:21: 
_ _ _ _ _ _ _ _ _ _ _ _ _ _ _ _ _ _ _ _ _ _ _ _ _ _ _ _ _ _ _ _ _ _ _ _ _ _ _ _ 
isaaclab_arena_gr00t/data_utils/io_utils.py:163: in create_config_from_yaml
    config = config_class(**converted_data)
             ^^^^^^^^^^^^^^^^^^^^^^^^^^^^^^
<string>:39: in __init__
    ???
isaaclab_arena_gr00t/config/dataset_config.py:156: in __post_init__
    if input(f"Are you sure you want to remove {self.lerobot_data_dir}? (y/n): ") == "y":
       ^^^^^^^^^^^^^^^^^^^^^^^^^^^^^^^^^^^^^^^^^^^^^^^^^^^^^^^^^^^^^^^^^^^^^^^^^^
_ _ _ _ _ _ _ _ _ _ _ _ _ _ _ _ _ _ _ _ _ _ _ _ _ _ _ _ _ _ _ _ _ _ _ _ _ _ _ _ 

self = <_pytest.capture.DontReadFromInput object at 0x7f5689f85d00>, size = -1

    def read(self, size: int = -1) -> str:
>       raise OSError(
            "pytest: reading from stdin while output is captured!  Consider using `-s`."
        )
E       OSError: pytest: reading from stdin while output is captured!  Consider using `-s`.

../IsaacLab/env_isaaclab/lib/python3.12/site-packages/_pytest/capture.py:229: OSError
----------------------------- Captured stdout call -----------------------------
Warning: lerobot_data_dir isaaclab_arena/tests/test_data/test_g1_hdf5_to_lerobot/lerobot already exists.
Are you sure you want to remove isaaclab_arena/tests/test_data/test_g1_hdf5_to_lerobot/lerobot? (y/n): Error creating Gr00tDatasetConfig: pytest: reading from stdin while output is captured!  Consider using `-s`.
Available fields:
  - data_root: <class 'pathlib.Path'>
  - language_instruction: <class 'str'>
  - hdf5_name: <class 'str'>
  - state_name_sim: <class 'str'>
  - left_eef_pos_name_sim: <class 'str'>
  - left_eef_quat_name_sim: <class 'str'>
  - right_eef_pos_name_sim: <class 'str'>
  - right_eef_quat_name_sim: <class 'str'>
  - teleop_base_height_command_name_sim: <class 'str'>
  - teleop_navigate_command_name_sim: <class 'str'>
  - teleop_torso_orientation_rpy_command_name_sim: <class 'str'>
  - action_name_sim: <class 'str'>
  - pov_cam_name_sim: <class 'str'>
  - state_name_lerobot: <class 'str'>
  - action_name_lerobot: <class 'str'>
  - action_eef_name_sim: <class 'str'>
  - video_name_lerobot: <class 'str'>
  - task_description_lerobot: <class 'str'>
  - valid_lerobot: <class 'str'>
  - chunks_size: <class 'int'>
  - fps: <class 'int'>
  - data_path: <class 'str'>
  - video_path: <class 'str'>
  - modality_template_path: <class 'pathlib.Path'>
  - modality_fname: <class 'str'>
  - episodes_fname: <class 'str'>
  - tasks_fname: <class 'str'>
  - info_template_path: <class 'pathlib.Path'>
  - info_fname: <class 'str'>
  - policy_joints_config_path: <class 'pathlib.Path'>
  - robot_type: <class 'str'>
  - action_joints_config_path: <class 'pathlib.Path'>
  - state_joints_config_path: <class 'pathlib.Path'>
  - original_image_size: tuple[int, int, int]
  - target_image_size: tuple[int, int, int]
  - hdf5_file_path: <class 'pathlib.Path'>
  - lerobot_data_dir: <class 'pathlib.Path'>
  - task_index: <class 'int'>
_________________ TestGr00tDependencies.test_flash_attn_import _________________

self = <test_gr00t_deps.TestGr00tDependencies object at 0x7f5067c33320>

    def test_flash_attn_import(self):
        """Test that flash_attn can be imported successfully."""
        try:
>           import flash_attn  # pylint: disable=import-outside-toplevel
            ^^^^^^^^^^^^^^^^^
E           ModuleNotFoundError: No module named 'flash_attn'

isaaclab_arena/tests/policy/test_gr00t_deps.py:26: ModuleNotFoundError

During handling of the above exception, another exception occurred:

self = <test_gr00t_deps.TestGr00tDependencies object at 0x7f5067c33320>

    def test_flash_attn_import(self):
        """Test that flash_attn can be imported successfully."""
        try:
            import flash_attn  # pylint: disable=import-outside-toplevel
    
            # Verify version is available
            assert hasattr(flash_attn, "__version__"), "flash_attn version not available"
            print(f"Flash Attention version: {flash_attn.__version__}")
        except ImportError as e:
>           pytest.fail(f"Failed to import flash_attn: {e}")
E           Failed: Failed to import flash_attn: No module named 'flash_attn'

isaaclab_arena/tests/policy/test_gr00t_deps.py:32: Failed
__________ TestGr00tDependencies.test_gr00t_package_directory_exists ___________

self = <test_gr00t_deps.TestGr00tDependencies object at 0x7f5067c33800>

    def test_gr00t_package_directory_exists(self):
        """Test that GR00T package directory exists."""
        gr00t_path = f"{os.getenv('WORKDIR', '/workspaces/isaaclab_arena')}/submodules/Isaac-GR00T"
    
>       assert os.path.exists(gr00t_path), f"GR00T directory not found at {gr00t_path}"
E       AssertionError: GR00T directory not found at /workspaces/isaaclab_arena/submodules/Isaac-GR00T
E       assert False
E        +  where False = <function exists at 0x7f568ae1f600>('/workspaces/isaaclab_arena/submodules/Isaac-GR00T')
E        +    where <function exists at 0x7f568ae1f600> = <module 'posixpath' (frozen)>.exists
E        +      where <module 'posixpath' (frozen)> = os.path

isaaclab_arena/tests/policy/test_gr00t_deps.py:80: AssertionError
_______________ TestGr00tDependencies.test_gr00t_package_import ________________

self = <test_gr00t_deps.TestGr00tDependencies object at 0x7f5067c33a70>

    def test_gr00t_package_import(self):
        """Test that GR00T package can be imported."""
        # get workdir from env
        gr00t_path = f"{os.getenv('WORKDIR', '/workspaces/isaaclab_arena')}/submodules/Isaac-GR00T"
    
        # Add GR00T path to Python path if not already there
        if gr00t_path not in sys.path:
            sys.path.insert(0, gr00t_path)
    
        # First, try to import the gr00t package directly
        try:
            import gr00t  # pylint: disable=import-outside-toplevel  # noqa: F401
    
            _ = gr00t  # Mark as used
    
            print(
                "Successfully imported gr00t package from"
                f" {gr00t.__file__ if hasattr(gr00t, '__file__') else 'unknown location'}"
            )
    
            # Try to import a submodule to verify package structure
            try:
                from gr00t.data import dataset  # pylint: disable=import-outside-toplevel  # noqa: F401
    
                _ = dataset  # Mark as used
                print("Successfully imported gr00t.data.dataset module")
            except ImportError:
                print("gr00t package imported but submodules may not be fully accessible")
    
            return  # Test passed
    
        except ImportError:
            print("Could not import gr00t package directly, checking directory structure...")
    
        # If direct import fails, verify the directory has Python files
        python_files = []
        for root, _, files in os.walk(gr00t_path):
            for file in files:
                if file.endswith(".py") and not file.startswith("__"):
                    python_files.append(os.path.join(root, file))
    
        if python_files:
            print(f"GR00T directory contains {len(python_files)} Python files")
            # Just verify the structure exists - don't try to import files with relative imports
            # Look for key files that indicate a proper installation
            key_files = ["gr00t/data/dataset.py", "gr00t/model", "gr00t/eval"]
            found_structure = False
    
            for key_file in key_files:
                if any(key_file in py_file for py_file in python_files):
                    found_structure = True
                    print(f"Found expected GR00T structure: {key_file}")
    
            if found_structure:
                print("GR00T package structure verified (import may require additional setup)")
            else:
                pytest.fail("GR00T directory exists but expected package structure not found")
        else:
>           pytest.fail("No Python files found in GR00T directory")
E           Failed: No Python files found in GR00T directory

isaaclab_arena/tests/policy/test_gr00t_deps.py:143: Failed
----------------------------- Captured stdout call -----------------------------
Could not import gr00t package directly, checking directory structure...
_____________________ test_zero_action_policy_press_button _____________________

    def test_zero_action_policy_press_button():
>       run_policy_runner(
            policy_type="zero_action",
            example_environment="press_button",
            num_steps=NUM_STEPS,
        )

isaaclab_arena/tests/policy/test_policy_runner.py:52: 
_ _ _ _ _ _ _ _ _ _ _ _ _ _ _ _ _ _ _ _ _ _ _ _ _ _ _ _ _ _ _ _ _ _ _ _ _ _ _ _ 
isaaclab_arena/tests/policy/test_policy_runner.py:48: in run_policy_runner
    run_subprocess(args)
isaaclab_arena/tests/utils/subprocess.py:27: in run_subprocess
    result = subprocess.run(
/usr/lib/python3.12/subprocess.py:548: in run
    with Popen(*popenargs, **kwargs) as process:
         ^^^^^^^^^^^^^^^^^^^^^^^^^^^
/usr/lib/python3.12/subprocess.py:1026: in __init__
    self._execute_child(args, executable, preexec_fn, close_fds,
_ _ _ _ _ _ _ _ _ _ _ _ _ _ _ _ _ _ _ _ _ _ _ _ _ _ _ _ _ _ _ _ _ _ _ _ _ _ _ _ 

self = <Popen: returncode: 255 args: ['/tmp/IsaacLab-Arena/submodules/IsaacLab/_isa...>
args = ['/tmp/IsaacLab-Arena/submodules/IsaacLab/_isaac_sim/python.sh', '/tmp/IsaacLab-Arena/isaaclab_arena/examples/policy_runner.py', '--policy_type', 'zero_action', '--num_steps', '2', ...]
executable = b'/tmp/IsaacLab-Arena/submodules/IsaacLab/_isaac_sim/python.sh'
preexec_fn = None, close_fds = True, pass_fds = (), cwd = None, env = None
startupinfo = None, creationflags = 0, shell = False, p2cread = -1
p2cwrite = -1, c2pread = -1, c2pwrite = -1, errread = -1, errwrite = -1
restore_signals = True, gid = None, gids = None, uid = None, umask = -1
start_new_session = False, process_group = -1

    def _execute_child(self, args, executable, preexec_fn, close_fds,
                       pass_fds, cwd, env,
                       startupinfo, creationflags, shell,
                       p2cread, p2cwrite,
                       c2pread, c2pwrite,
                       errread, errwrite,
                       restore_signals,
                       gid, gids, uid, umask,
                       start_new_session, process_group):
        """Execute program (POSIX version)"""
    
        if isinstance(args, (str, bytes)):
            args = [args]
        elif isinstance(args, os.PathLike):
            if shell:
                raise TypeError('path-like args is not allowed when '
                                'shell is true')
            args = [args]
        else:
            args = list(args)
    
        if shell:
            # On Android the default shell is at '/system/bin/sh'.
            unix_shell = ('/system/bin/sh' if
                      hasattr(sys, 'getandroidapilevel') else '/bin/sh')
            args = [unix_shell, "-c"] + args
            if executable:
                args[0] = executable
    
        if executable is None:
            executable = args[0]
    
        sys.audit("subprocess.Popen", executable, args, cwd, env)
    
        if (_USE_POSIX_SPAWN
                and os.path.dirname(executable)
                and preexec_fn is None
                and not close_fds
                and not pass_fds
                and cwd is None
                and (p2cread == -1 or p2cread > 2)
                and (c2pwrite == -1 or c2pwrite > 2)
                and (errwrite == -1 or errwrite > 2)
                and not start_new_session
                and process_group == -1
                and gid is None
                and gids is None
                and uid is None
                and umask < 0):
            self._posix_spawn(args, executable, env, restore_signals,
                              p2cread, p2cwrite,
                              c2pread, c2pwrite,
                              errread, errwrite)
            return
    
        orig_executable = executable
    
        # For transferring possible exec failure from child to parent.
        # Data format: "exception name:hex errno:description"
        # Pickle is not used; it is complex and involves memory allocation.
        errpipe_read, errpipe_write = os.pipe()
        # errpipe_write must not be in the standard io 0, 1, or 2 fd range.
        low_fds_to_close = []
        while errpipe_write < 3:
            low_fds_to_close.append(errpipe_write)
            errpipe_write = os.dup(errpipe_write)
        for low_fd in low_fds_to_close:
            os.close(low_fd)
        try:
            try:
                # We must avoid complex work that could involve
                # malloc or free in the child process to avoid
                # potential deadlocks, thus we do all this here.
                # and pass it to fork_exec()
    
                if env is not None:
                    env_list = []
                    for k, v in env.items():
                        k = os.fsencode(k)
                        if b'=' in k:
                            raise ValueError("illegal environment variable name")
                        env_list.append(k + b'=' + os.fsencode(v))
                else:
                    env_list = None  # Use execv instead of execve.
                executable = os.fsencode(executable)
                if os.path.dirname(executable):
                    executable_list = (executable,)
                else:
                    # This matches the behavior of os._execvpe().
                    executable_list = tuple(
                        os.path.join(os.fsencode(dir), executable)
                        for dir in os.get_exec_path(env))
                fds_to_keep = set(pass_fds)
                fds_to_keep.add(errpipe_write)
                self.pid = _fork_exec(
                        args, executable_list,
                        close_fds, tuple(sorted(map(int, fds_to_keep))),
                        cwd, env_list,
                        p2cread, p2cwrite, c2pread, c2pwrite,
                        errread, errwrite,
                        errpipe_read, errpipe_write,
                        restore_signals, start_new_session,
                        process_group, gid, gids, uid, umask,
                        preexec_fn, _USE_VFORK)
                self._child_created = True
            finally:
                # be sure the FD is closed no matter what
                os.close(errpipe_write)
    
            self._close_pipe_fds(p2cread, p2cwrite,
                                 c2pread, c2pwrite,
                                 errread, errwrite)
    
            # Wait for exec to fail or succeed; possibly raising an
            # exception (limited in size)
            errpipe_data = bytearray()
            while True:
                part = os.read(errpipe_read, 50000)
                errpipe_data += part
                if not part or len(errpipe_data) > 50000:
                    break
        finally:
            # be sure the FD is closed no matter what
            os.close(errpipe_read)
    
        if errpipe_data:
            try:
                pid, sts = os.waitpid(self.pid, 0)
                if pid == self.pid:
                    self._handle_exitstatus(sts)
                else:
                    self.returncode = sys.maxsize
            except ChildProcessError:
                pass
    
            try:
                exception_name, hex_errno, err_msg = (
                        errpipe_data.split(b':', 2))
                # The encoding here should match the encoding
                # written in by the subprocess implementations
                # like _posixsubprocess
                err_msg = err_msg.decode()
            except ValueError:
                exception_name = b'SubprocessError'
                hex_errno = b'0'
                err_msg = 'Bad exception data from child: {!r}'.format(
                              bytes(errpipe_data))
            child_exception_type = getattr(
                    builtins, exception_name.decode('ascii'),
                    SubprocessError)
            if issubclass(child_exception_type, OSError) and hex_errno:
                errno_num = int(hex_errno, 16)
                if err_msg == "noexec:chdir":
                    err_msg = ""
                    # The error must be from chdir(cwd).
                    err_filename = cwd
                elif err_msg == "noexec":
                    err_msg = ""
                    err_filename = None
                else:
                    err_filename = orig_executable
                if errno_num != 0:
                    err_msg = os.strerror(errno_num)
                if err_filename is not None:
>                   raise child_exception_type(errno_num, err_msg, err_filename)
E                   FileNotFoundError: [Errno 2] No such file or directory: '/tmp/IsaacLab-Arena/submodules/IsaacLab/_isaac_sim/python.sh'

/usr/lib/python3.12/subprocess.py:1955: FileNotFoundError
----------------------------- Captured stdout call -----------------------------
Running command: ['/tmp/IsaacLab-Arena/submodules/IsaacLab/_isaac_sim/python.sh', '/tmp/IsaacLab-Arena/isaaclab_arena/examples/policy_runner.py', '--policy_type', 'zero_action', '--num_steps', '2', '--headless', 'press_button']
________________ test_zero_action_policy_kitchen_pick_and_place ________________

    def test_zero_action_policy_kitchen_pick_and_place():
        # TODO(alexmillane, 2025.07.29): Get an exhaustive list of all scenes and embodiments
        # from a registry when we have one.
        example_environment = "kitchen_pick_and_place"
        embodiments = ["franka", "gr1_pink", "gr1_joint"]
        object_names = ["cracker_box", "tomato_soup_can"]
        for embodiment in embodiments:
            for object_name in object_names:
>               run_policy_runner(
                    policy_type="zero_action",
                    example_environment=example_environment,
                    embodiment=embodiment,
                    object_name=object_name,
                    num_steps=NUM_STEPS,
                )

isaaclab_arena/tests/policy/test_policy_runner.py:67: 
_ _ _ _ _ _ _ _ _ _ _ _ _ _ _ _ _ _ _ _ _ _ _ _ _ _ _ _ _ _ _ _ _ _ _ _ _ _ _ _ 
isaaclab_arena/tests/policy/test_policy_runner.py:48: in run_policy_runner
    run_subprocess(args)
isaaclab_arena/tests/utils/subprocess.py:27: in run_subprocess
    result = subprocess.run(
/usr/lib/python3.12/subprocess.py:548: in run
    with Popen(*popenargs, **kwargs) as process:
         ^^^^^^^^^^^^^^^^^^^^^^^^^^^
/usr/lib/python3.12/subprocess.py:1026: in __init__
    self._execute_child(args, executable, preexec_fn, close_fds,
_ _ _ _ _ _ _ _ _ _ _ _ _ _ _ _ _ _ _ _ _ _ _ _ _ _ _ _ _ _ _ _ _ _ _ _ _ _ _ _ 

self = <Popen: returncode: 255 args: ['/tmp/IsaacLab-Arena/submodules/IsaacLab/_isa...>
args = ['/tmp/IsaacLab-Arena/submodules/IsaacLab/_isaac_sim/python.sh', '/tmp/IsaacLab-Arena/isaaclab_arena/examples/policy_runner.py', '--policy_type', 'zero_action', '--num_steps', '2', ...]
executable = b'/tmp/IsaacLab-Arena/submodules/IsaacLab/_isaac_sim/python.sh'
preexec_fn = None, close_fds = True, pass_fds = (), cwd = None, env = None
startupinfo = None, creationflags = 0, shell = False, p2cread = -1
p2cwrite = -1, c2pread = -1, c2pwrite = -1, errread = -1, errwrite = -1
restore_signals = True, gid = None, gids = None, uid = None, umask = -1
start_new_session = False, process_group = -1

    def _execute_child(self, args, executable, preexec_fn, close_fds,
                       pass_fds, cwd, env,
                       startupinfo, creationflags, shell,
                       p2cread, p2cwrite,
                       c2pread, c2pwrite,
                       errread, errwrite,
                       restore_signals,
                       gid, gids, uid, umask,
                       start_new_session, process_group):
        """Execute program (POSIX version)"""
    
        if isinstance(args, (str, bytes)):
            args = [args]
        elif isinstance(args, os.PathLike):
            if shell:
                raise TypeError('path-like args is not allowed when '
                                'shell is true')
            args = [args]
        else:
            args = list(args)
    
        if shell:
            # On Android the default shell is at '/system/bin/sh'.
            unix_shell = ('/system/bin/sh' if
                      hasattr(sys, 'getandroidapilevel') else '/bin/sh')
            args = [unix_shell, "-c"] + args
            if executable:
                args[0] = executable
    
        if executable is None:
            executable = args[0]
    
        sys.audit("subprocess.Popen", executable, args, cwd, env)
    
        if (_USE_POSIX_SPAWN
                and os.path.dirname(executable)
                and preexec_fn is None
                and not close_fds
                and not pass_fds
                and cwd is None
                and (p2cread == -1 or p2cread > 2)
                and (c2pwrite == -1 or c2pwrite > 2)
                and (errwrite == -1 or errwrite > 2)
                and not start_new_session
                and process_group == -1
                and gid is None
                and gids is None
                and uid is None
                and umask < 0):
            self._posix_spawn(args, executable, env, restore_signals,
                              p2cread, p2cwrite,
                              c2pread, c2pwrite,
                              errread, errwrite)
            return
    
        orig_executable = executable
    
        # For transferring possible exec failure from child to parent.
        # Data format: "exception name:hex errno:description"
        # Pickle is not used; it is complex and involves memory allocation.
        errpipe_read, errpipe_write = os.pipe()
        # errpipe_write must not be in the standard io 0, 1, or 2 fd range.
        low_fds_to_close = []
        while errpipe_write < 3:
            low_fds_to_close.append(errpipe_write)
            errpipe_write = os.dup(errpipe_write)
        for low_fd in low_fds_to_close:
            os.close(low_fd)
        try:
            try:
                # We must avoid complex work that could involve
                # malloc or free in the child process to avoid
                # potential deadlocks, thus we do all this here.
                # and pass it to fork_exec()
    
                if env is not None:
                    env_list = []
                    for k, v in env.items():
                        k = os.fsencode(k)
                        if b'=' in k:
                            raise ValueError("illegal environment variable name")
                        env_list.append(k + b'=' + os.fsencode(v))
                else:
                    env_list = None  # Use execv instead of execve.
                executable = os.fsencode(executable)
                if os.path.dirname(executable):
                    executable_list = (executable,)
                else:
                    # This matches the behavior of os._execvpe().
                    executable_list = tuple(
                        os.path.join(os.fsencode(dir), executable)
                        for dir in os.get_exec_path(env))
                fds_to_keep = set(pass_fds)
                fds_to_keep.add(errpipe_write)
                self.pid = _fork_exec(
                        args, executable_list,
                        close_fds, tuple(sorted(map(int, fds_to_keep))),
                        cwd, env_list,
                        p2cread, p2cwrite, c2pread, c2pwrite,
                        errread, errwrite,
                        errpipe_read, errpipe_write,
                        restore_signals, start_new_session,
                        process_group, gid, gids, uid, umask,
                        preexec_fn, _USE_VFORK)
                self._child_created = True
            finally:
                # be sure the FD is closed no matter what
                os.close(errpipe_write)
    
            self._close_pipe_fds(p2cread, p2cwrite,
                                 c2pread, c2pwrite,
                                 errread, errwrite)
    
            # Wait for exec to fail or succeed; possibly raising an
            # exception (limited in size)
            errpipe_data = bytearray()
            while True:
                part = os.read(errpipe_read, 50000)
                errpipe_data += part
                if not part or len(errpipe_data) > 50000:
                    break
        finally:
            # be sure the FD is closed no matter what
            os.close(errpipe_read)
    
        if errpipe_data:
            try:
                pid, sts = os.waitpid(self.pid, 0)
                if pid == self.pid:
                    self._handle_exitstatus(sts)
                else:
                    self.returncode = sys.maxsize
            except ChildProcessError:
                pass
    
            try:
                exception_name, hex_errno, err_msg = (
                        errpipe_data.split(b':', 2))
                # The encoding here should match the encoding
                # written in by the subprocess implementations
                # like _posixsubprocess
                err_msg = err_msg.decode()
            except ValueError:
                exception_name = b'SubprocessError'
                hex_errno = b'0'
                err_msg = 'Bad exception data from child: {!r}'.format(
                              bytes(errpipe_data))
            child_exception_type = getattr(
                    builtins, exception_name.decode('ascii'),
                    SubprocessError)
            if issubclass(child_exception_type, OSError) and hex_errno:
                errno_num = int(hex_errno, 16)
                if err_msg == "noexec:chdir":
                    err_msg = ""
                    # The error must be from chdir(cwd).
                    err_filename = cwd
                elif err_msg == "noexec":
                    err_msg = ""
                    err_filename = None
                else:
                    err_filename = orig_executable
                if errno_num != 0:
                    err_msg = os.strerror(errno_num)
                if err_filename is not None:
>                   raise child_exception_type(errno_num, err_msg, err_filename)
E                   FileNotFoundError: [Errno 2] No such file or directory: '/tmp/IsaacLab-Arena/submodules/IsaacLab/_isaac_sim/python.sh'

/usr/lib/python3.12/subprocess.py:1955: FileNotFoundError
----------------------------- Captured stdout call -----------------------------
Running command: ['/tmp/IsaacLab-Arena/submodules/IsaacLab/_isaac_sim/python.sh', '/tmp/IsaacLab-Arena/isaaclab_arena/examples/policy_runner.py', '--policy_type', 'zero_action', '--num_steps', '2', '--headless', 'kitchen_pick_and_place', '--embodiment', 'franka', '--object', 'cracker_box']
________________ test_zero_action_policy_galileo_pick_and_place ________________

    def test_zero_action_policy_galileo_pick_and_place():
        # TODO(alexmillane, 2025.07.29): Get an exhaustive list of all scenes and embodiments
        # from a registry when we have one.
        # NOTE(alexmillane, 2025.09.04): Only test one configuration here to keep
        # the test fast.
>       run_policy_runner(
            policy_type="zero_action",
            example_environment="galileo_pick_and_place",
            embodiment="gr1_pink",
            object_name="power_drill",
            num_steps=NUM_STEPS,
        )

isaaclab_arena/tests/policy/test_policy_runner.py:81: 
_ _ _ _ _ _ _ _ _ _ _ _ _ _ _ _ _ _ _ _ _ _ _ _ _ _ _ _ _ _ _ _ _ _ _ _ _ _ _ _ 
isaaclab_arena/tests/policy/test_policy_runner.py:48: in run_policy_runner
    run_subprocess(args)
isaaclab_arena/tests/utils/subprocess.py:27: in run_subprocess
    result = subprocess.run(
/usr/lib/python3.12/subprocess.py:548: in run
    with Popen(*popenargs, **kwargs) as process:
         ^^^^^^^^^^^^^^^^^^^^^^^^^^^
/usr/lib/python3.12/subprocess.py:1026: in __init__
    self._execute_child(args, executable, preexec_fn, close_fds,
_ _ _ _ _ _ _ _ _ _ _ _ _ _ _ _ _ _ _ _ _ _ _ _ _ _ _ _ _ _ _ _ _ _ _ _ _ _ _ _ 

self = <Popen: returncode: 255 args: ['/tmp/IsaacLab-Arena/submodules/IsaacLab/_isa...>
args = ['/tmp/IsaacLab-Arena/submodules/IsaacLab/_isaac_sim/python.sh', '/tmp/IsaacLab-Arena/isaaclab_arena/examples/policy_runner.py', '--policy_type', 'zero_action', '--num_steps', '2', ...]
executable = b'/tmp/IsaacLab-Arena/submodules/IsaacLab/_isaac_sim/python.sh'
preexec_fn = None, close_fds = True, pass_fds = (), cwd = None, env = None
startupinfo = None, creationflags = 0, shell = False, p2cread = -1
p2cwrite = -1, c2pread = -1, c2pwrite = -1, errread = -1, errwrite = -1
restore_signals = True, gid = None, gids = None, uid = None, umask = -1
start_new_session = False, process_group = -1

    def _execute_child(self, args, executable, preexec_fn, close_fds,
                       pass_fds, cwd, env,
                       startupinfo, creationflags, shell,
                       p2cread, p2cwrite,
                       c2pread, c2pwrite,
                       errread, errwrite,
                       restore_signals,
                       gid, gids, uid, umask,
                       start_new_session, process_group):
        """Execute program (POSIX version)"""
    
        if isinstance(args, (str, bytes)):
            args = [args]
        elif isinstance(args, os.PathLike):
            if shell:
                raise TypeError('path-like args is not allowed when '
                                'shell is true')
            args = [args]
        else:
            args = list(args)
    
        if shell:
            # On Android the default shell is at '/system/bin/sh'.
            unix_shell = ('/system/bin/sh' if
                      hasattr(sys, 'getandroidapilevel') else '/bin/sh')
            args = [unix_shell, "-c"] + args
            if executable:
                args[0] = executable
    
        if executable is None:
            executable = args[0]
    
        sys.audit("subprocess.Popen", executable, args, cwd, env)
    
        if (_USE_POSIX_SPAWN
                and os.path.dirname(executable)
                and preexec_fn is None
                and not close_fds
                and not pass_fds
                and cwd is None
                and (p2cread == -1 or p2cread > 2)
                and (c2pwrite == -1 or c2pwrite > 2)
                and (errwrite == -1 or errwrite > 2)
                and not start_new_session
                and process_group == -1
                and gid is None
                and gids is None
                and uid is None
                and umask < 0):
            self._posix_spawn(args, executable, env, restore_signals,
                              p2cread, p2cwrite,
                              c2pread, c2pwrite,
                              errread, errwrite)
            return
    
        orig_executable = executable
    
        # For transferring possible exec failure from child to parent.
        # Data format: "exception name:hex errno:description"
        # Pickle is not used; it is complex and involves memory allocation.
        errpipe_read, errpipe_write = os.pipe()
        # errpipe_write must not be in the standard io 0, 1, or 2 fd range.
        low_fds_to_close = []
        while errpipe_write < 3:
            low_fds_to_close.append(errpipe_write)
            errpipe_write = os.dup(errpipe_write)
        for low_fd in low_fds_to_close:
            os.close(low_fd)
        try:
            try:
                # We must avoid complex work that could involve
                # malloc or free in the child process to avoid
                # potential deadlocks, thus we do all this here.
                # and pass it to fork_exec()
    
                if env is not None:
                    env_list = []
                    for k, v in env.items():
                        k = os.fsencode(k)
                        if b'=' in k:
                            raise ValueError("illegal environment variable name")
                        env_list.append(k + b'=' + os.fsencode(v))
                else:
                    env_list = None  # Use execv instead of execve.
                executable = os.fsencode(executable)
                if os.path.dirname(executable):
                    executable_list = (executable,)
                else:
                    # This matches the behavior of os._execvpe().
                    executable_list = tuple(
                        os.path.join(os.fsencode(dir), executable)
                        for dir in os.get_exec_path(env))
                fds_to_keep = set(pass_fds)
                fds_to_keep.add(errpipe_write)
                self.pid = _fork_exec(
                        args, executable_list,
                        close_fds, tuple(sorted(map(int, fds_to_keep))),
                        cwd, env_list,
                        p2cread, p2cwrite, c2pread, c2pwrite,
                        errread, errwrite,
                        errpipe_read, errpipe_write,
                        restore_signals, start_new_session,
                        process_group, gid, gids, uid, umask,
                        preexec_fn, _USE_VFORK)
                self._child_created = True
            finally:
                # be sure the FD is closed no matter what
                os.close(errpipe_write)
    
            self._close_pipe_fds(p2cread, p2cwrite,
                                 c2pread, c2pwrite,
                                 errread, errwrite)
    
            # Wait for exec to fail or succeed; possibly raising an
            # exception (limited in size)
            errpipe_data = bytearray()
            while True:
                part = os.read(errpipe_read, 50000)
                errpipe_data += part
                if not part or len(errpipe_data) > 50000:
                    break
        finally:
            # be sure the FD is closed no matter what
            os.close(errpipe_read)
    
        if errpipe_data:
            try:
                pid, sts = os.waitpid(self.pid, 0)
                if pid == self.pid:
                    self._handle_exitstatus(sts)
                else:
                    self.returncode = sys.maxsize
            except ChildProcessError:
                pass
    
            try:
                exception_name, hex_errno, err_msg = (
                        errpipe_data.split(b':', 2))
                # The encoding here should match the encoding
                # written in by the subprocess implementations
                # like _posixsubprocess
                err_msg = err_msg.decode()
            except ValueError:
                exception_name = b'SubprocessError'
                hex_errno = b'0'
                err_msg = 'Bad exception data from child: {!r}'.format(
                              bytes(errpipe_data))
            child_exception_type = getattr(
                    builtins, exception_name.decode('ascii'),
                    SubprocessError)
            if issubclass(child_exception_type, OSError) and hex_errno:
                errno_num = int(hex_errno, 16)
                if err_msg == "noexec:chdir":
                    err_msg = ""
                    # The error must be from chdir(cwd).
                    err_filename = cwd
                elif err_msg == "noexec":
                    err_msg = ""
                    err_filename = None
                else:
                    err_filename = orig_executable
                if errno_num != 0:
                    err_msg = os.strerror(errno_num)
                if err_filename is not None:
>                   raise child_exception_type(errno_num, err_msg, err_filename)
E                   FileNotFoundError: [Errno 2] No such file or directory: '/tmp/IsaacLab-Arena/submodules/IsaacLab/_isaac_sim/python.sh'

/usr/lib/python3.12/subprocess.py:1955: FileNotFoundError
----------------------------- Captured stdout call -----------------------------
Running command: ['/tmp/IsaacLab-Arena/submodules/IsaacLab/_isaac_sim/python.sh', '/tmp/IsaacLab-Arena/isaaclab_arena/examples/policy_runner.py', '--policy_type', 'zero_action', '--num_steps', '2', '--headless', 'galileo_pick_and_place', '--embodiment', 'gr1_pink', '--object', 'power_drill']
__________________ test_zero_action_policy_gr1_open_microwave __________________

    def test_zero_action_policy_gr1_open_microwave():
        # TODO(alexmillane, 2025.07.29): Get an exhaustive list of all scenes and embodiments
        # from a registry when we have one.
        example_environment = "gr1_open_microwave"
        object_name = ["cracker_box", "tomato_soup_can", "mustard_bottle"]
        for object_name in object_name:
>           run_policy_runner(
                policy_type="zero_action",
                example_environment=example_environment,
                embodiment="gr1_pink",
                background=None,
                object_name=object_name,
                num_steps=NUM_STEPS,
            )

isaaclab_arena/tests/policy/test_policy_runner.py:96: 
_ _ _ _ _ _ _ _ _ _ _ _ _ _ _ _ _ _ _ _ _ _ _ _ _ _ _ _ _ _ _ _ _ _ _ _ _ _ _ _ 
isaaclab_arena/tests/policy/test_policy_runner.py:48: in run_policy_runner
    run_subprocess(args)
isaaclab_arena/tests/utils/subprocess.py:27: in run_subprocess
    result = subprocess.run(
/usr/lib/python3.12/subprocess.py:548: in run
    with Popen(*popenargs, **kwargs) as process:
         ^^^^^^^^^^^^^^^^^^^^^^^^^^^
/usr/lib/python3.12/subprocess.py:1026: in __init__
    self._execute_child(args, executable, preexec_fn, close_fds,
_ _ _ _ _ _ _ _ _ _ _ _ _ _ _ _ _ _ _ _ _ _ _ _ _ _ _ _ _ _ _ _ _ _ _ _ _ _ _ _ 

self = <Popen: returncode: 255 args: ['/tmp/IsaacLab-Arena/submodules/IsaacLab/_isa...>
args = ['/tmp/IsaacLab-Arena/submodules/IsaacLab/_isaac_sim/python.sh', '/tmp/IsaacLab-Arena/isaaclab_arena/examples/policy_runner.py', '--policy_type', 'zero_action', '--num_steps', '2', ...]
executable = b'/tmp/IsaacLab-Arena/submodules/IsaacLab/_isaac_sim/python.sh'
preexec_fn = None, close_fds = True, pass_fds = (), cwd = None, env = None
startupinfo = None, creationflags = 0, shell = False, p2cread = -1
p2cwrite = -1, c2pread = -1, c2pwrite = -1, errread = -1, errwrite = -1
restore_signals = True, gid = None, gids = None, uid = None, umask = -1
start_new_session = False, process_group = -1

    def _execute_child(self, args, executable, preexec_fn, close_fds,
                       pass_fds, cwd, env,
                       startupinfo, creationflags, shell,
                       p2cread, p2cwrite,
                       c2pread, c2pwrite,
                       errread, errwrite,
                       restore_signals,
                       gid, gids, uid, umask,
                       start_new_session, process_group):
        """Execute program (POSIX version)"""
    
        if isinstance(args, (str, bytes)):
            args = [args]
        elif isinstance(args, os.PathLike):
            if shell:
                raise TypeError('path-like args is not allowed when '
                                'shell is true')
            args = [args]
        else:
            args = list(args)
    
        if shell:
            # On Android the default shell is at '/system/bin/sh'.
            unix_shell = ('/system/bin/sh' if
                      hasattr(sys, 'getandroidapilevel') else '/bin/sh')
            args = [unix_shell, "-c"] + args
            if executable:
                args[0] = executable
    
        if executable is None:
            executable = args[0]
    
        sys.audit("subprocess.Popen", executable, args, cwd, env)
    
        if (_USE_POSIX_SPAWN
                and os.path.dirname(executable)
                and preexec_fn is None
                and not close_fds
                and not pass_fds
                and cwd is None
                and (p2cread == -1 or p2cread > 2)
                and (c2pwrite == -1 or c2pwrite > 2)
                and (errwrite == -1 or errwrite > 2)
                and not start_new_session
                and process_group == -1
                and gid is None
                and gids is None
                and uid is None
                and umask < 0):
            self._posix_spawn(args, executable, env, restore_signals,
                              p2cread, p2cwrite,
                              c2pread, c2pwrite,
                              errread, errwrite)
            return
    
        orig_executable = executable
    
        # For transferring possible exec failure from child to parent.
        # Data format: "exception name:hex errno:description"
        # Pickle is not used; it is complex and involves memory allocation.
        errpipe_read, errpipe_write = os.pipe()
        # errpipe_write must not be in the standard io 0, 1, or 2 fd range.
        low_fds_to_close = []
        while errpipe_write < 3:
            low_fds_to_close.append(errpipe_write)
            errpipe_write = os.dup(errpipe_write)
        for low_fd in low_fds_to_close:
            os.close(low_fd)
        try:
            try:
                # We must avoid complex work that could involve
                # malloc or free in the child process to avoid
                # potential deadlocks, thus we do all this here.
                # and pass it to fork_exec()
    
                if env is not None:
                    env_list = []
                    for k, v in env.items():
                        k = os.fsencode(k)
                        if b'=' in k:
                            raise ValueError("illegal environment variable name")
                        env_list.append(k + b'=' + os.fsencode(v))
                else:
                    env_list = None  # Use execv instead of execve.
                executable = os.fsencode(executable)
                if os.path.dirname(executable):
                    executable_list = (executable,)
                else:
                    # This matches the behavior of os._execvpe().
                    executable_list = tuple(
                        os.path.join(os.fsencode(dir), executable)
                        for dir in os.get_exec_path(env))
                fds_to_keep = set(pass_fds)
                fds_to_keep.add(errpipe_write)
                self.pid = _fork_exec(
                        args, executable_list,
                        close_fds, tuple(sorted(map(int, fds_to_keep))),
                        cwd, env_list,
                        p2cread, p2cwrite, c2pread, c2pwrite,
                        errread, errwrite,
                        errpipe_read, errpipe_write,
                        restore_signals, start_new_session,
                        process_group, gid, gids, uid, umask,
                        preexec_fn, _USE_VFORK)
                self._child_created = True
            finally:
                # be sure the FD is closed no matter what
                os.close(errpipe_write)
    
            self._close_pipe_fds(p2cread, p2cwrite,
                                 c2pread, c2pwrite,
                                 errread, errwrite)
    
            # Wait for exec to fail or succeed; possibly raising an
            # exception (limited in size)
            errpipe_data = bytearray()
            while True:
                part = os.read(errpipe_read, 50000)
                errpipe_data += part
                if not part or len(errpipe_data) > 50000:
                    break
        finally:
            # be sure the FD is closed no matter what
            os.close(errpipe_read)
    
        if errpipe_data:
            try:
                pid, sts = os.waitpid(self.pid, 0)
                if pid == self.pid:
                    self._handle_exitstatus(sts)
                else:
                    self.returncode = sys.maxsize
            except ChildProcessError:
                pass
    
            try:
                exception_name, hex_errno, err_msg = (
                        errpipe_data.split(b':', 2))
                # The encoding here should match the encoding
                # written in by the subprocess implementations
                # like _posixsubprocess
                err_msg = err_msg.decode()
            except ValueError:
                exception_name = b'SubprocessError'
                hex_errno = b'0'
                err_msg = 'Bad exception data from child: {!r}'.format(
                              bytes(errpipe_data))
            child_exception_type = getattr(
                    builtins, exception_name.decode('ascii'),
                    SubprocessError)
            if issubclass(child_exception_type, OSError) and hex_errno:
                errno_num = int(hex_errno, 16)
                if err_msg == "noexec:chdir":
                    err_msg = ""
                    # The error must be from chdir(cwd).
                    err_filename = cwd
                elif err_msg == "noexec":
                    err_msg = ""
                    err_filename = None
                else:
                    err_filename = orig_executable
                if errno_num != 0:
                    err_msg = os.strerror(errno_num)
                if err_filename is not None:
>                   raise child_exception_type(errno_num, err_msg, err_filename)
E                   FileNotFoundError: [Errno 2] No such file or directory: '/tmp/IsaacLab-Arena/submodules/IsaacLab/_isaac_sim/python.sh'

/usr/lib/python3.12/subprocess.py:1955: FileNotFoundError
----------------------------- Captured stdout call -----------------------------
Running command: ['/tmp/IsaacLab-Arena/submodules/IsaacLab/_isaac_sim/python.sh', '/tmp/IsaacLab-Arena/isaaclab_arena/examples/policy_runner.py', '--policy_type', 'zero_action', '--num_steps', '2', '--headless', 'gr1_open_microwave', '--embodiment', 'gr1_pink', '--object', 'cracker_box']
____________________ test_replay_policy_gr1_open_microwave _____________________

    def test_replay_policy_gr1_open_microwave():
>       run_policy_runner(
            policy_type="replay",
            replay_file_path=TestConstants.test_data_dir + "/test_demo_gr1_open_microwave.hdf5",
            example_environment="gr1_open_microwave",
            embodiment="gr1_pink",
            num_steps=NUM_STEPS,
        )

isaaclab_arena/tests/policy/test_policy_runner.py:107: 
_ _ _ _ _ _ _ _ _ _ _ _ _ _ _ _ _ _ _ _ _ _ _ _ _ _ _ _ _ _ _ _ _ _ _ _ _ _ _ _ 
isaaclab_arena/tests/policy/test_policy_runner.py:48: in run_policy_runner
    run_subprocess(args)
isaaclab_arena/tests/utils/subprocess.py:27: in run_subprocess
    result = subprocess.run(
/usr/lib/python3.12/subprocess.py:548: in run
    with Popen(*popenargs, **kwargs) as process:
         ^^^^^^^^^^^^^^^^^^^^^^^^^^^
/usr/lib/python3.12/subprocess.py:1026: in __init__
    self._execute_child(args, executable, preexec_fn, close_fds,
_ _ _ _ _ _ _ _ _ _ _ _ _ _ _ _ _ _ _ _ _ _ _ _ _ _ _ _ _ _ _ _ _ _ _ _ _ _ _ _ 

self = <Popen: returncode: 255 args: ['/tmp/IsaacLab-Arena/submodules/IsaacLab/_isa...>
args = ['/tmp/IsaacLab-Arena/submodules/IsaacLab/_isaac_sim/python.sh', '/tmp/IsaacLab-Arena/isaaclab_arena/examples/policy_r...ay', '--replay_file_path', '/tmp/IsaacLab-Arena/isaaclab_arena/tests/test_data/test_demo_gr1_open_microwave.hdf5', ...]
executable = b'/tmp/IsaacLab-Arena/submodules/IsaacLab/_isaac_sim/python.sh'
preexec_fn = None, close_fds = True, pass_fds = (), cwd = None, env = None
startupinfo = None, creationflags = 0, shell = False, p2cread = -1
p2cwrite = -1, c2pread = -1, c2pwrite = -1, errread = -1, errwrite = -1
restore_signals = True, gid = None, gids = None, uid = None, umask = -1
start_new_session = False, process_group = -1

    def _execute_child(self, args, executable, preexec_fn, close_fds,
                       pass_fds, cwd, env,
                       startupinfo, creationflags, shell,
                       p2cread, p2cwrite,
                       c2pread, c2pwrite,
                       errread, errwrite,
                       restore_signals,
                       gid, gids, uid, umask,
                       start_new_session, process_group):
        """Execute program (POSIX version)"""
    
        if isinstance(args, (str, bytes)):
            args = [args]
        elif isinstance(args, os.PathLike):
            if shell:
                raise TypeError('path-like args is not allowed when '
                                'shell is true')
            args = [args]
        else:
            args = list(args)
    
        if shell:
            # On Android the default shell is at '/system/bin/sh'.
            unix_shell = ('/system/bin/sh' if
                      hasattr(sys, 'getandroidapilevel') else '/bin/sh')
            args = [unix_shell, "-c"] + args
            if executable:
                args[0] = executable
    
        if executable is None:
            executable = args[0]
    
        sys.audit("subprocess.Popen", executable, args, cwd, env)
    
        if (_USE_POSIX_SPAWN
                and os.path.dirname(executable)
                and preexec_fn is None
                and not close_fds
                and not pass_fds
                and cwd is None
                and (p2cread == -1 or p2cread > 2)
                and (c2pwrite == -1 or c2pwrite > 2)
                and (errwrite == -1 or errwrite > 2)
                and not start_new_session
                and process_group == -1
                and gid is None
                and gids is None
                and uid is None
                and umask < 0):
            self._posix_spawn(args, executable, env, restore_signals,
                              p2cread, p2cwrite,
                              c2pread, c2pwrite,
                              errread, errwrite)
            return
    
        orig_executable = executable
    
        # For transferring possible exec failure from child to parent.
        # Data format: "exception name:hex errno:description"
        # Pickle is not used; it is complex and involves memory allocation.
        errpipe_read, errpipe_write = os.pipe()
        # errpipe_write must not be in the standard io 0, 1, or 2 fd range.
        low_fds_to_close = []
        while errpipe_write < 3:
            low_fds_to_close.append(errpipe_write)
            errpipe_write = os.dup(errpipe_write)
        for low_fd in low_fds_to_close:
            os.close(low_fd)
        try:
            try:
                # We must avoid complex work that could involve
                # malloc or free in the child process to avoid
                # potential deadlocks, thus we do all this here.
                # and pass it to fork_exec()
    
                if env is not None:
                    env_list = []
                    for k, v in env.items():
                        k = os.fsencode(k)
                        if b'=' in k:
                            raise ValueError("illegal environment variable name")
                        env_list.append(k + b'=' + os.fsencode(v))
                else:
                    env_list = None  # Use execv instead of execve.
                executable = os.fsencode(executable)
                if os.path.dirname(executable):
                    executable_list = (executable,)
                else:
                    # This matches the behavior of os._execvpe().
                    executable_list = tuple(
                        os.path.join(os.fsencode(dir), executable)
[...]
|   0   | init_franka_arm_pose         |
|   1   | randomize_franka_joint_state |
|   2   | reset_pick_up_object_pose    |
+-------+------------------------------+

[INFO] Recorder Manager:  <RecorderManager> contains 2 active terms.
+---------------------------+
|   Active Recorder Terms   |
+-------+-------------------+
| Index | Name              |
+-------+-------------------+
|   0   | success_rate      |
|   1   | object_moved_rate |
+-------+-------------------+

[INFO] Action Manager:  <ActionManager> contains 2 active terms.
+------------------------------------+
|   Active Action Terms (shape: 7)   |
+-------+----------------+-----------+
| Index | Name           | Dimension |
+-------+----------------+-----------+
|   0   | arm_action     |         6 |
|   1   | gripper_action |         1 |
+-------+----------------+-----------+

[INFO] Observation Manager: <ObservationManager> contains 1 groups.
+--------------------------------------------+
| Active Observation Terms in Group: 'policy' |
+-----------+--------------------+-----------+
|   Index   | Name               |   Shape   |
+-----------+--------------------+-----------+
|     0     | actions            |    (7,)   |
|     1     | joint_pos          |    (9,)   |
|     2     | joint_vel          |    (9,)   |
|     3     | eef_pos            |    (3,)   |
|     4     | eef_quat           |    (4,)   |
|     5     | gripper_pos        |    (2,)   |
+-----------+--------------------+-----------+

[INFO] Termination Manager:  <TerminationManager> contains 3 active terms.
+-----------------------------------+
|      Active Termination Terms     |
+-------+----------------+----------+
| Index | Name           | Time Out |
+-------+----------------+----------+
|   0   | time_out       |  False   |
|   1   | success        |  False   |
|   2   | object_dropped |  False   |
+-------+----------------+----------+

[INFO] Reward Manager:  <RewardManager> contains 0 active terms.
+-----------------------+
|  Active Reward Terms  |
+-------+------+--------+
| Index | Name | Weight |
+-------+------+--------+
+-------+------+--------+

[INFO] Curriculum Manager:  <CurriculumManager> contains 0 active terms.
+----------------------+
| Active Curriculum Terms |
+-----------+----------+
|   Index   | Name     |
+-----------+----------+
+-----------+----------+

[INFO]: Completed setting up the environment...
Exception occurred while running the function (persistent mode): RigidObject: 'root_pose' Shape mismatch: torch.Size([7]) != (1, 7)
2026-03-24T15:26:58Z [65,337ms] [Warning] [omni.physx.plugin] The rigid body at /World/envs/env_0/kitchen/Kitchen_Counter/TRS_Base/TRS_Drawer_C has a possibly invalid inertia tensor of {1.0, 1.0, 1.0} and a negative mass, small sphere approximated inertia was used. Either specify correct values in the mass properties, or add collider(s) to any shape(s) that you wish to automatically compute mass properties for.
2026-03-24T15:27:00Z [66,980ms] [Warning] [isaaclab.app.app_launcher] [WARN][AppLauncher]: There are no arguments attached to the ArgumentParser object. If you have your own arguments, please load your own arguments before calling the `AppLauncher.add_app_launcher_args` method. This allows the method to check the validity of the arguments and perform checks for argument names.
2026-03-24T15:27:00Z [67,016ms] [Warning] [isaaclab.envs.manager_based_env] Seed not set for the environment. The environment creation may not be deterministic.
2026-03-24T15:27:00Z [67,022ms] [Warning] [isaaclab_physx.physics.physx_manager] TGS solver with enable_external_forces_every_iteration=False may cause noisy velocities.
2026-03-24T15:27:00Z [67,023ms] [Warning] [isaaclab.envs.manager_based_env] The render interval (2) is smaller than the decimation (4). Multiple render calls will happen for each environment step. If this is not intended, set the render interval to be equal to the decimation.
2026-03-24T15:27:00Z [67,540ms] [Warning] [omni.physx.plugin] The rigid body at /World/envs/env_0/kitchen_with_open_drawer/Kitchen_Counter/TRS_Base/TRS_Cabinet_D has a possibly invalid inertia tensor of {1.0, 1.0, 1.0} and a negative mass, small sphere approximated inertia was used. Either specify correct values in the mass properties, or add collider(s) to any shape(s) that you wish to automatically compute mass properties for.
2026-03-24T15:27:00Z [67,540ms] [Warning] [omni.physx.plugin] The rigid body at /World/envs/env_0/kitchen_with_open_drawer/Kitchen_Counter/TRS_Base/TRS_Drawer_C has a possibly invalid inertia tensor of {1.0, 1.0, 1.0} and a negative mass, small sphere approximated inertia was used. Either specify correct values in the mass properties, or add collider(s) to any shape(s) that you wish to automatically compute mass properties for.
2026-03-24T15:27:00Z [67,541ms] [Warning] [omni.physx.plugin] The rigid body at /World/envs/env_1/kitchen_with_open_drawer/Kitchen_Counter/TRS_Base/TRS_Cabinet_D has a possibly invalid inertia tensor of {1.0, 1.0, 1.0} and a negative mass, small sphere approximated inertia was used. Either specify correct values in the mass properties, or add collider(s) to any shape(s) that you wish to automatically compute mass properties for.
2026-03-24T15:27:00Z [67,541ms] [Warning] [omni.physx.plugin] The rigid body at /World/envs/env_1/kitchen_with_open_drawer/Kitchen_Counter/TRS_Base/TRS_Drawer_C has a possibly invalid inertia tensor of {1.0, 1.0, 1.0} and a negative mass, small sphere approximated inertia was used. Either specify correct values in the mass properties, or add collider(s) to any shape(s) that you wish to automatically compute mass properties for.
----------------------------- Captured stderr call -----------------------------
Traceback (most recent call last):
  File "/tmp/IsaacLab/source/isaaclab/isaaclab/envs/ui/viewport_camera_controller.py", line 82, in <lambda>
    lambda event, obj=weakref.proxy(self): obj._update_tracking_callback(event)
                                           ^^^^^^^^^^^^^^^^^^^^^^^^^^^^^
ReferenceError: weakly-referenced object no longer exists
------------------------------ Captured log call -------------------------------
WARNING  isaaclab.app.app_launcher:app_launcher.py:348 [WARN][AppLauncher]: There are no arguments attached to the ArgumentParser object. If you have your own arguments, please load your own arguments before calling the `AppLauncher.add_app_launcher_args` method. This allows the method to check the validity of the arguments and perform checks for argument names.
WARNING  isaaclab.envs.manager_based_env:manager_based_env.py:100 Seed not set for the environment. The environment creation may not be deterministic.
WARNING  isaaclab_physx.physics.physx_manager:physx_manager.py:547 TGS solver with enable_external_forces_every_iteration=False may cause noisy velocities.
WARNING  isaaclab.envs.manager_based_env:manager_based_env.py:149 The render interval (2) is smaller than the decimation (4). Multiple render calls will happen for each environment step. If this is not intended, set the render interval to be equal to the decimation.
=============================== warnings summary ===============================
../IsaacLab/env_isaaclab/lib/python3.12/site-packages/torch/jit/_script.py:1480: 35 warnings
isaaclab_arena/tests/test_affordance_base.py: 31 warnings
  /tmp/IsaacLab/env_isaaclab/lib/python3.12/site-packages/torch/jit/_script.py:1480: DeprecationWarning: `torch.jit.script` is deprecated. Please switch to `torch.compile` or `torch.export`.
    warnings.warn(

isaaclab_arena/tests/test_affordance_base.py::test_affordance_base
  /tmp/IsaacLab/env_isaaclab/lib/python3.12/site-packages/cmeel.prefix/lib/python3.12/site-packages/hppfcl/__init__.py:3: DeprecationWarning: Please update your 'hppfcl' imports to 'coal'
    warnings.warn(

isaaclab_arena/tests/test_camera_observation.py::test_camera_observation
isaaclab_arena/tests/test_device_registry.py::test_all_devices_in_registry
  /tmp/IsaacLab/env_isaaclab/lib/python3.12/site-packages/isaacsim/exts/isaacsim.asset.exporter.urdf/pip_prebundle/nvidia/srl/from_usd/to_urdf.py:744: UserWarning: Sum of `faceVertexCounts` (25608) does not equal sum of length of `GeomSubset` `indices` (840) for prim '/GR1T2_fourier_hand_6dof/waist_pitch_link/visuals/waist_pitch_link/mesh'. Material mtl files will not be created.
    prim_helper.export_geometry_as_obj_file(prim, obj_output_path, transform=transform)

isaaclab_arena/tests/test_detect_object_type.py::test_auto_object_type
isaaclab_arena/tests/test_object_of_type_base.py::test_object_of_type_base
  /tmp/IsaacLab/env_isaaclab/lib/python3.12/site-packages/_pytest/unraisableexception.py:67: PytestUnraisableExceptionWarning: Exception ignored in: <function ManagerBasedEnv.__del__ at 0x7f52e4af84a0>
  
  Traceback (most recent call last):
    File "/tmp/IsaacLab/source/isaaclab/isaaclab/envs/manager_based_env.py", line 238, in __del__
      self.close()
    File "/tmp/IsaacLab/source/isaaclab/isaaclab/envs/manager_based_rl_env.py", line 310, in close
      del self.command_manager
          ^^^^^^^^^^^^^^^^^^^^
  AttributeError: 'ManagerBasedRLEnv' object has no attribute 'command_manager'
  
  Enable tracemalloc to get traceback where the object was allocated.
  See https://docs.pytest.org/en/stable/how-to/capture-warnings.html#resource-warnings for more info.
    warnings.warn(pytest.PytestUnraisableExceptionWarning(msg))

isaaclab_arena/tests/test_device_registry.py::test_all_devices_in_registry
  /tmp/IsaacLab/source/isaaclab_tasks/isaaclab_tasks/manager_based/manipulation/pick_place/mdp/observations.py:84: DeprecationWarning: The `body_link_state_w` property will be deprecated in IsaacLab 4.0. Please use `body_link_pose_w` and `body_link_vel_w` instead.
    body_pos_w = wp.to_torch(env.scene["robot"].data.body_link_state_w)[:, :, :]

isaaclab_arena/tests/test_device_registry.py::test_all_devices_in_registry
  /tmp/IsaacLab-Arena/isaaclab_arena/utils/isaaclab_utils/resets.py:15: DeprecationWarning: Reading the root state directly is deprecated since IsaacLab 3.0 and will be removed in a future version. Please use the default_root_pose and default_root_vel properties instead.
    default_root_state = articulation_asset.data.default_root_state[env_ids].clone()

isaaclab_arena/tests/test_events.py::test_set_object_post_per_env_event
isaaclab_arena/tests/test_robot_initial_position.py::test_robot_initial_position
isaaclab_arena/tests/test_success_rate_metric.py::test_success_rate_metric
  /tmp/IsaacLab/env_isaaclab/lib/python3.12/site-packages/gymnasium/envs/registration.py:636: UserWarning: [33mWARN: Overriding environment robot_initial_position already in registry.[0m
    logger.warn(f"Overriding environment {new_spec.id} already in registry.")

isaaclab_arena/tests/test_events.py::test_set_object_post_per_env_event
isaaclab_arena/tests/test_success_rate_metric.py::test_success_rate_metric
  /tmp/IsaacLab-Arena/isaaclab_arena/terms/events.py:53: DeprecationWarning: The function 'write_root_pose_to_sim' will be deprecated in a future release. Please use 'write_root_pose_to_sim_index' instead.
    asset.write_root_pose_to_sim(pose_t_xyz_q_wxyz, env_ids=torch.tensor([cur_env], device=env.device))

isaaclab_arena/tests/test_g1_wbc_embodiment.py::test_wbc_pink_standing_idle_actions_single_env
  /tmp/IsaacLab/env_isaaclab/lib/python3.12/site-packages/gymnasium/envs/registration.py:636: UserWarning: [33mWARN: Overriding environment g1_standing_test already in registry.[0m
    logger.warn(f"Overriding environment {new_spec.id} already in registry.")

isaaclab_arena/tests/test_g1_wbc_embodiment.py::test_wbc_pink_standing_idle_actions_single_env
  /tmp/IsaacLab/env_isaaclab/lib/python3.12/site-packages/_pytest/unraisableexception.py:67: PytestUnraisableExceptionWarning: Exception ignored in: <function ManagerBasedEnv.__del__ at 0x7f52e4af84a0>
  
  Traceback (most recent call last):
    File "/tmp/IsaacLab/source/isaaclab/isaaclab/envs/manager_based_env.py", line 119, in __init__
      self._init_sim()
    File "/tmp/IsaacLab/source/isaaclab/isaaclab/envs/manager_based_env.py", line 192, in _init_sim
      self.sim.reset()
    File "/tmp/IsaacLab/source/isaaclab/isaaclab/sim/simulation_context.py", line 643, in reset
      self.physics_manager.reset(soft)
    File "/tmp/IsaacLab/source/isaaclab_physx/isaaclab_physx/physics/physx_manager.py", line 240, in reset
      cls.raise_callback_exception_if_any()
    File "/tmp/IsaacLab/source/isaaclab_physx/isaaclab_physx/physics/physx_manager.py", line 353, in raise_callback_exception_if_any
      raise exc
    File "/tmp/IsaacLab/source/isaaclab/isaaclab/physics/physics_manager.py", line 338, in safe_callback_invoke
      fn(*args)
    File "/tmp/IsaacLab/source/isaaclab/isaaclab/sensors/sensor_base.py", line 280, in _invoke
      getattr(obj_ref, callback_name)(event)
    File "/tmp/IsaacLab/source/isaaclab/isaaclab/sensors/sensor_base.py", line 317, in _initialize_callback
      self._initialize_impl()
    File "/tmp/IsaacLab/source/isaaclab/isaaclab/sensors/camera/tiled_camera.py", line 158, in _initialize_impl
      raise RuntimeError(
  RuntimeError: A camera was spawned without the --enable_cameras flag. Please use --enable_cameras to enable rendering.
  
  During handling of the above exception, another exception occurred:
  
  Traceback (most recent call last):
    File "/tmp/IsaacLab/source/isaaclab/isaaclab/envs/manager_based_env.py", line 238, in __del__
      self.close()
    File "/tmp/IsaacLab/source/isaaclab/isaaclab/envs/manager_based_rl_env.py", line 310, in close
      del self.command_manager
          ^^^^^^^^^^^^^^^^^^^^
  AttributeError: 'ManagerBasedRLEnv' object has no attribute 'command_manager'
  
  Enable tracemalloc to get traceback where the object was allocated.
  See https://docs.pytest.org/en/stable/how-to/capture-warnings.html#resource-warnings for more info.
    warnings.warn(pytest.PytestUnraisableExceptionWarning(msg))

isaaclab_arena/tests/test_object_on_termination.py::test_object_on_destination_termination
  /tmp/IsaacLab/env_isaaclab/lib/python3.12/site-packages/gymnasium/envs/registration.py:636: UserWarning: [33mWARN: Overriding environment kitchen already in registry.[0m
    logger.warn(f"Overriding environment {new_spec.id} already in registry.")

isaaclab_arena/tests/test_object_on_termination.py::test_object_on_destination_termination
isaaclab_arena/tests/test_open_door.py::test_open_door_microwave
isaaclab_arena/tests/test_open_door.py::test_open_door_microwave_multiple_envs
isaaclab_arena/tests/test_reference_objects.py::test_reference_objects
isaaclab_arena/tests/test_reference_objects.py::test_reference_objects_with_transform
  /tmp/IsaacLab-Arena/isaaclab_arena/terms/events.py:29: DeprecationWarning: The function 'write_root_pose_to_sim' will be deprecated in a future release. Please use 'write_root_pose_to_sim_index' instead.
    asset.write_root_pose_to_sim(pose_t_xyz_q_wxyz, env_ids=env_ids)

isaaclab_arena/tests/test_object_on_termination.py::test_object_on_destination_termination
isaaclab_arena/tests/test_open_door.py::test_open_door_microwave
isaaclab_arena/tests/test_open_door.py::test_open_door_microwave_multiple_envs
isaaclab_arena/tests/test_reference_objects.py::test_reference_objects
isaaclab_arena/tests/test_reference_objects.py::test_reference_objects_with_transform
  /tmp/IsaacLab-Arena/isaaclab_arena/terms/events.py:30: DeprecationWarning: The function 'write_root_velocity_to_sim' will be deprecated in a future release. Please use 'write_root_velocity_to_sim_index' instead.
    asset.write_root_velocity_to_sim(torch.zeros(1, 6, device=env.device), env_ids=env_ids)

isaaclab_arena/tests/test_open_door.py::test_open_door_microwave_multiple_envs
isaaclab_arena/tests/test_open_door.py::test_open_door_microwave_reset_condition
  /tmp/IsaacLab/env_isaaclab/lib/python3.12/site-packages/gymnasium/envs/registration.py:636: UserWarning: [33mWARN: Overriding environment open_door already in registry.[0m
    logger.warn(f"Overriding environment {new_spec.id} already in registry.")

isaaclab_arena/tests/test_press_coffee_machine_button.py::test_press_button_coffee_machine_multiple_envs
  /tmp/IsaacLab/env_isaaclab/lib/python3.12/site-packages/gymnasium/envs/registration.py:636: UserWarning: [33mWARN: Overriding environment press_button_coffee_machine already in registry.[0m
    logger.warn(f"Overriding environment {new_spec.id} already in registry.")

isaaclab_arena/tests/test_reference_objects.py::test_reference_objects_with_transform
  /tmp/IsaacLab/env_isaaclab/lib/python3.12/site-packages/gymnasium/envs/registration.py:636: UserWarning: [33mWARN: Overriding environment reference_object_test already in registry.[0m
    logger.warn(f"Overriding environment {new_spec.id} already in registry.")

-- Docs: https://docs.pytest.org/en/stable/how-to/capture-warnings.html
=========================== short test summary info ============================
FAILED isaaclab_arena/tests/policy/test_convert_hdf5_to_lerobot.py::test_g1_convert_hdf5_to_lerobot
FAILED isaaclab_arena/tests/policy/test_gr00t_deps.py::TestGr00tDependencies::test_flash_attn_import
FAILED isaaclab_arena/tests/policy/test_gr00t_deps.py::TestGr00tDependencies::test_gr00t_package_directory_exists
FAILED isaaclab_arena/tests/policy/test_gr00t_deps.py::TestGr00tDependencies::test_gr00t_package_import
FAILED isaaclab_arena/tests/policy/test_policy_runner.py::test_zero_action_policy_press_button
FAILED isaaclab_arena/tests/policy/test_policy_runner.py::test_zero_action_policy_kitchen_pick_and_place
FAILED isaaclab_arena/tests/policy/test_policy_runner.py::test_zero_action_policy_galileo_pick_and_place
FAILED isaaclab_arena/tests/policy/test_policy_runner.py::test_zero_action_policy_gr1_open_microwave
FAILED isaaclab_arena/tests/policy/test_policy_runner.py::test_replay_policy_gr1_open_microwave
FAILED isaaclab_arena/tests/policy/test_replay_lerobot_action_policy.py::test_g1_locomanip_replay_lerobot_policy_runner_single_env
FAILED isaaclab_arena/tests/test_camera_observation.py::test_camera_observation
FAILED isaaclab_arena/tests/test_detect_object_type.py::test_auto_object_type
FAILED isaaclab_arena/tests/test_device_registry.py::test_all_devices_in_registry
FAILED isaaclab_arena/tests/test_door_moved_rate_metric.py::test_door_moved_rate_metric
FAILED isaaclab_arena/tests/test_events.py::test_set_object_post_per_env_event
FAILED isaaclab_arena/tests/test_g1_wbc_embodiment.py::test_wbc_joint_standing_idle_actions_single_env
FAILED isaaclab_arena/tests/test_g1_wbc_embodiment.py::test_wbc_pink_standing_idle_actions_single_env
FAILED isaaclab_arena/tests/test_object_on_termination.py::test_object_on_destination_termination
FAILED isaaclab_arena/tests/test_open_door.py::test_open_door_microwave - Ass...
FAILED isaaclab_arena/tests/test_open_door.py::test_open_door_microwave_multiple_envs
FAILED isaaclab_arena/tests/test_open_door.py::test_open_door_microwave_reset_condition
FAILED isaaclab_arena/tests/test_press_coffee_machine_button.py::test_press_button_coffee_machine
FAILED isaaclab_arena/tests/test_press_coffee_machine_button.py::test_press_button_coffee_machine_multiple_envs
FAILED isaaclab_arena/tests/test_reference_objects.py::test_reference_objects
FAILED isaaclab_arena/tests/test_reference_objects.py::test_reference_objects_with_transform
FAILED isaaclab_arena/tests/test_robot_initial_position.py::test_robot_initial_position
FAILED isaaclab_arena/tests/test_success_rate_metric.py::test_success_rate_metric
ERROR isaaclab_arena/tests/policy/test_gr00t_closedloop_policy.py::test_g1_locomanip_gr00t_closedloop_policy_runner_single_env
ERROR isaaclab_arena/tests/policy/test_gr00t_closedloop_policy.py::test_g1_locomanip_gr00t_closedloop_policy_runner_multi_envs
== 27 failed, 16 passed, 2 skipped, 95 warnings, 2 errors in 75.66s (0:01:15) ==
[INFO] Using Python: "/tmp/IsaacLab/env_isaaclab/bin/python"
